<?xml version="1.0" encoding="UTF-8"?>
<!-- Generated by org.testng.reporters.JUnitXMLReporter -->
<testsuite ignored="0" hostname="DESKTOP-M9LKKFE" failures="0" tests="4" name="Command line test" time="0.04" errors="0" timestamp="2023-10-25T00:07:23 EEST">
  <testcase classname="test.AnagramsGrouperTest" name="noGroup" time="0.006"/>
  <testcase classname="test.AnagramsGrouperTest" name="threeGroupsAllLowerCase" time="0.001"/>
  <testcase classname="test.AnagramsGrouperTest" name="threeGroupsSomeUpperCase" time="0.0"/>
  <testcase classname="test.AnagramsGrouperTest" name="validOneGroup" time="0.001"/>
</testsuite> <!-- Command line test -->
